<?xml version="1.0" encoding="UTF-8"?>
<!-- Generated by org.testng.reporters.JUnitReportReporter -->
<testsuite skipped="0" hostname="ALDLT5CG8413DRY" name="practise.AppiumFramework.CToF_DemoTest" tests="1" failures="0" timestamp="2021-04-27T11:38:41 BST" time="26.243" errors="0">
  <testcase name="apiDemoTest" time="26.243" classname="practise.AppiumFramework.CToF_DemoTest"/>
</testsuite> <!-- practise.AppiumFramework.CToF_DemoTest -->
